<?xml version="1.0" encoding="UTF-8"?>
<!-- Generated by org.testng.reporters.JUnitReportReporter -->
<testsuite hostname="DESKTOP-J4R9O4L" failures="0" tests="1" name="tests.PutPatchDeleteExamples" time="3.100" errors="0" timestamp="2022-03-07T12:42:54 CET" skipped="0">
  <testcase classname="tests.PutPatchDeleteExamples" name="testDelete" time="3.100"/>
  <system-out/>
</testsuite> <!-- tests.PutPatchDeleteExamples -->
