<?xml version="1.0" encoding="UTF-8"?>
<!-- Generated by org.testng.reporters.JUnitReportReporter -->
<testsuite hostname="DESKTOP-J4R9O4L" failures="0" tests="1" name="tests.TestsExamples" time="4.296" errors="0" timestamp="2022-03-04T17:59:13 CET" skipped="0">
  <testcase classname="tests.TestsExamples" name="test_2" time="4.296"/>
  <system-out/>
</testsuite> <!-- tests.TestsExamples -->
