<?xml version="1.0" encoding="UTF-8"?>
<!-- Generated by org.testng.reporters.JUnitReportReporter -->
<testsuite hostname="DESKTOP-J4R9O4L" failures="0" tests="1" name="tests.GetAndPostExamples" time="3.762" errors="0" timestamp="2022-03-07T10:29:46 CET" skipped="0">
  <testcase classname="tests.GetAndPostExamples" name="testPost" time="3.762"/>
  <system-out/>
</testsuite> <!-- tests.GetAndPostExamples -->
